<?xml version="1.0" encoding="UTF-8"?>
<!-- Generated by org.testng.reporters.JUnitReportReporter -->
<testsuite skipped="0" hostname="ASBLP026" name="windowsAuto.SampleTestNG" tests="1" failures="0" timestamp="2020-01-24T19:03:01 IST" time="3.064" errors="0">
  <testcase name="checkmethod" time="3.064" classname="windowsAuto.SampleTestNG"/>
</testsuite> <!-- windowsAuto.SampleTestNG -->
