<?xml version="1.0" encoding="UTF-8"?>
<!-- Generated by org.testng.reporters.JUnitReportReporter -->
<testsuite skipped="0" hostname="ASBLP026" name="windowsAuto.WindowsDemo" tests="2" failures="0" timestamp="2020-01-27T11:05:20 IST" time="7.883" errors="0">
  <testcase name="Addition" time="2.043" classname="windowsAuto.WindowsDemo"/>
  <testcase name="countList" time="5.840" classname="windowsAuto.WindowsDemo"/>
</testsuite> <!-- windowsAuto.WindowsDemo -->
